<?xml version="1.0" encoding="UTF-8"?>
<!-- Generated by org.testng.reporters.JUnitReportReporter -->
<testsuite hostname="LAPTOP-TUN1U03P" failures="0" tests="2" name="testcases.UserRegTest" time="0.004" errors="0" timestamp="05 Oct 2024 15:32:58 GMT" skipped="0">
  <testcase classname="testcases.UserRegTest" name="registerUser" time="0.002"/>
  <testcase classname="testcases.UserRegTest" name="registerUser" time="0.002"/>
</testsuite> <!-- testcases.UserRegTest -->
